<?xml version="1.0" encoding="utf-8"?><testsuite errors="1" failures="0" name="pytest" skips="0" tests="1" time="0.156"><testcase classname="" file="test/index_test.py" name="test.index_test" time="0"><error message="collection failure">test/index_test.py:11: in &lt;module&gt;
    class TestHasManyThroughMiniProj(unittest.TestCase):
test/index_test.py:14: in TestHasManyThroughMiniProj
    guest_1 = Guest(&quot;Dwight Schrute&quot;)
E   TypeError: object() takes no parameters</error></testcase></testsuite>